{"/Users/lilacjanepro/Desktop/Vantage App UI Only/VantageApp/packages/api/handlers/api/create-daily-fax-task.ts": {"path":"/Users/lilacjanepro/Desktop/Vantage App UI Only/VantageApp/packages/api/handlers/api/create-daily-fax-task.ts","statementMap":{"0":{"start":{"line":9,"column":0},"end":{"line":9,"column":36}},"1":{"start":{"line":10,"column":0},"end":{"line":10,"column":61}},"2":{"start":{"line":12,"column":20},"end":{"line":12,"column":43}},"3":{"start":{"line":13,"column":0},"end":{"line":15,"column":1}},"4":{"start":{"line":14,"column":2},"end":{"line":14,"column":66}},"5":{"start":{"line":17,"column":41},"end":{"line":57,"column":1}},"6":{"start":{"line":18,"column":17},"end":{"line":18,"column":52}},"7":{"start":{"line":19,"column":14},"end":{"line":19,"column":38}},"8":{"start":{"line":20,"column":17},"end":{"line":20,"column":23}},"9":{"start":{"line":22,"column":15},"end":{"line":44,"column":4}},"10":{"start":{"line":46,"column":2},"end":{"line":46,"column":22}},"11":{"start":{"line":48,"column":2},"end":{"line":54,"column":5}},"12":{"start":{"line":56,"column":2},"end":{"line":56,"column":51}},"13":{"start":{"line":17,"column":13},"end":{"line":17,"column":41}}},"fnMap":{"0":{"name":"(anonymous_0)","decl":{"start":{"line":17,"column":41},"end":{"line":17,"column":46}},"loc":{"start":{"line":17,"column":52},"end":{"line":57,"column":1}}}},"branchMap":{"0":{"loc":{"start":{"line":13,"column":0},"end":{"line":15,"column":1}},"type":"if","locations":[{"start":{"line":13,"column":0},"end":{"line":15,"column":1}},{"start":{},"end":{}}]}},"s":{"0":3,"1":3,"2":3,"3":3,"4":1,"5":2,"6":2,"7":2,"8":2,"9":2,"10":2,"11":2,"12":2,"13":2},"f":{"0":2},"b":{"0":[1,2]}}
,"/Users/lilacjanepro/Desktop/Vantage App UI Only/VantageApp/packages/api/handlers/api/list-patients.ts": {"path":"/Users/lilacjanepro/Desktop/Vantage App UI Only/VantageApp/packages/api/handlers/api/list-patients.ts","statementMap":{"0":{"start":{"line":9,"column":0},"end":{"line":9,"column":58}},"1":{"start":{"line":10,"column":0},"end":{"line":10,"column":63}},"2":{"start":{"line":11,"column":0},"end":{"line":11,"column":73}},"3":{"start":{"line":14,"column":2},"end":{"line":38,"column":4}},"4":{"start":{"line":41,"column":47},"end":{"line":90,"column":1}},"5":{"start":{"line":42,"column":2},"end":{"line":89,"column":3}},"6":{"start":{"line":43,"column":19},"end":{"line":43,"column":43}},"7":{"start":{"line":44,"column":19},"end":{"line":44,"column":52}},"8":{"start":{"line":46,"column":18},"end":{"line":46,"column":80}},"9":{"start":{"line":48,"column":4},"end":{"line":54,"column":5}},"10":{"start":{"line":49,"column":6},"end":{"line":53,"column":7}},"11":{"start":{"line":50,"column":8},"end":{"line":50,"column":98}},"12":{"start":{"line":52,"column":8},"end":{"line":52,"column":47}},"13":{"start":{"line":57,"column":4},"end":{"line":78,"column":5}},"14":{"start":{"line":58,"column":6},"end":{"line":66,"column":9}},"15":{"start":{"line":68,"column":6},"end":{"line":77,"column":9}},"16":{"start":{"line":80,"column":21},"end":{"line":80,"column":49}},"17":{"start":{"line":81,"column":22},"end":{"line":83,"column":12}},"18":{"start":{"line":85,"column":4},"end":{"line":85,"column":44}},"19":{"start":{"line":87,"column":4},"end":{"line":87,"column":66}},"20":{"start":{"line":88,"column":4},"end":{"line":88,"column":54}},"21":{"start":{"line":41,"column":13},"end":{"line":41,"column":47}}},"fnMap":{"0":{"name":"mapPatient","decl":{"start":{"line":13,"column":9},"end":{"line":13,"column":19}},"loc":{"start":{"line":13,"column":49},"end":{"line":39,"column":1}}},"1":{"name":"(anonymous_1)","decl":{"start":{"line":41,"column":47},"end":{"line":41,"column":52}},"loc":{"start":{"line":41,"column":63},"end":{"line":90,"column":1}}}},"branchMap":{"0":{"loc":{"start":{"line":19,"column":9},"end":{"line":19,"column":30}},"type":"binary-expr","locations":[{"start":{"line":19,"column":9},"end":{"line":19,"column":17}},{"start":{"line":19,"column":21},"end":{"line":19,"column":30}}]},"1":{"loc":{"start":{"line":20,"column":11},"end":{"line":20,"column":34}},"type":"binary-expr","locations":[{"start":{"line":20,"column":11},"end":{"line":20,"column":21}},{"start":{"line":20,"column":25},"end":{"line":20,"column":34}}]},"2":{"loc":{"start":{"line":21,"column":12},"end":{"line":21,"column":36}},"type":"binary-expr","locations":[{"start":{"line":21,"column":12},"end":{"line":21,"column":23}},{"start":{"line":21,"column":27},"end":{"line":21,"column":36}}]},"3":{"loc":{"start":{"line":22,"column":23},"end":{"line":22,"column":58}},"type":"binary-expr","locations":[{"start":{"line":22,"column":23},"end":{"line":22,"column":45}},{"start":{"line":22,"column":49},"end":{"line":22,"column":58}}]},"4":{"loc":{"start":{"line":23,"column":19},"end":{"line":23,"column":50}},"type":"binary-expr","locations":[{"start":{"line":23,"column":19},"end":{"line":23,"column":37}},{"start":{"line":23,"column":41},"end":{"line":23,"column":50}}]},"5":{"loc":{"start":{"line":24,"column":17},"end":{"line":24,"column":46}},"type":"binary-expr","locations":[{"start":{"line":24,"column":17},"end":{"line":24,"column":33}},{"start":{"line":24,"column":37},"end":{"line":24,"column":46}}]},"6":{"loc":{"start":{"line":25,"column":18},"end":{"line":25,"column":48}},"type":"binary-expr","locations":[{"start":{"line":25,"column":18},"end":{"line":25,"column":35}},{"start":{"line":25,"column":39},"end":{"line":25,"column":48}}]},"7":{"loc":{"start":{"line":26,"column":16},"end":{"line":26,"column":44}},"type":"binary-expr","locations":[{"start":{"line":26,"column":16},"end":{"line":26,"column":31}},{"start":{"line":26,"column":35},"end":{"line":26,"column":44}}]},"8":{"loc":{"start":{"line":27,"column":26},"end":{"line":27,"column":64}},"type":"binary-expr","locations":[{"start":{"line":27,"column":26},"end":{"line":27,"column":51}},{"start":{"line":27,"column":55},"end":{"line":27,"column":64}}]},"9":{"loc":{"start":{"line":28,"column":27},"end":{"line":28,"column":66}},"type":"binary-expr","locations":[{"start":{"line":28,"column":27},"end":{"line":28,"column":53}},{"start":{"line":28,"column":57},"end":{"line":28,"column":66}}]},"10":{"loc":{"start":{"line":29,"column":34},"end":{"line":29,"column":80}},"type":"binary-expr","locations":[{"start":{"line":29,"column":34},"end":{"line":29,"column":67}},{"start":{"line":29,"column":71},"end":{"line":29,"column":80}}]},"11":{"loc":{"start":{"line":30,"column":25},"end":{"line":30,"column":62}},"type":"binary-expr","locations":[{"start":{"line":30,"column":25},"end":{"line":30,"column":49}},{"start":{"line":30,"column":53},"end":{"line":30,"column":62}}]},"12":{"loc":{"start":{"line":31,"column":15},"end":{"line":31,"column":42}},"type":"binary-expr","locations":[{"start":{"line":31,"column":15},"end":{"line":31,"column":29}},{"start":{"line":31,"column":33},"end":{"line":31,"column":42}}]},"13":{"loc":{"start":{"line":32,"column":23},"end":{"line":32,"column":58}},"type":"binary-expr","locations":[{"start":{"line":32,"column":23},"end":{"line":32,"column":45}},{"start":{"line":32,"column":49},"end":{"line":32,"column":58}}]},"14":{"loc":{"start":{"line":33,"column":17},"end":{"line":33,"column":46}},"type":"binary-expr","locations":[{"start":{"line":33,"column":17},"end":{"line":33,"column":33}},{"start":{"line":33,"column":37},"end":{"line":33,"column":46}}]},"15":{"loc":{"start":{"line":34,"column":26},"end":{"line":34,"column":64}},"type":"binary-expr","locations":[{"start":{"line":34,"column":26},"end":{"line":34,"column":51}},{"start":{"line":34,"column":55},"end":{"line":34,"column":64}}]},"16":{"loc":{"start":{"line":35,"column":27},"end":{"line":35,"column":66}},"type":"binary-expr","locations":[{"start":{"line":35,"column":27},"end":{"line":35,"column":53}},{"start":{"line":35,"column":57},"end":{"line":35,"column":66}}]},"17":{"loc":{"start":{"line":36,"column":11},"end":{"line":36,"column":34}},"type":"binary-expr","locations":[{"start":{"line":36,"column":11},"end":{"line":36,"column":21}},{"start":{"line":36,"column":25},"end":{"line":36,"column":34}}]},"18":{"loc":{"start":{"line":44,"column":19},"end":{"line":44,"column":52}},"type":"binary-expr","locations":[{"start":{"line":44,"column":19},"end":{"line":44,"column":46}},{"start":{"line":44,"column":50},"end":{"line":44,"column":52}}]},"19":{"loc":{"start":{"line":46,"column":45},"end":{"line":46,"column":65}},"type":"binary-expr","locations":[{"start":{"line":46,"column":45},"end":{"line":46,"column":57}},{"start":{"line":46,"column":61},"end":{"line":46,"column":65}}]},"20":{"loc":{"start":{"line":48,"column":4},"end":{"line":54,"column":5}},"type":"if","locations":[{"start":{"line":48,"column":4},"end":{"line":54,"column":5}},{"start":{},"end":{}}]},"21":{"loc":{"start":{"line":57,"column":4},"end":{"line":78,"column":5}},"type":"if","locations":[{"start":{"line":57,"column":4},"end":{"line":78,"column":5}},{"start":{"line":67,"column":11},"end":{"line":78,"column":5}}]},"22":{"loc":{"start":{"line":81,"column":22},"end":{"line":83,"column":12}},"type":"cond-expr","locations":[{"start":{"line":82,"column":8},"end":{"line":82,"column":79}},{"start":{"line":83,"column":8},"end":{"line":83,"column":12}}]}},"s":{"0":1,"1":1,"2":1,"3":0,"4":1,"5":4,"6":4,"7":4,"8":4,"9":4,"10":2,"11":2,"12":1,"13":3,"14":0,"15":3,"16":3,"17":3,"18":3,"19":0,"20":0,"21":1},"f":{"0":0,"1":4},"b":{"0":[0,0],"1":[0,0],"2":[0,0],"3":[0,0],"4":[0,0],"5":[0,0],"6":[0,0],"7":[0,0],"8":[0,0],"9":[0,0],"10":[0,0],"11":[0,0],"12":[0,0],"13":[0,0],"14":[0,0],"15":[0,0],"16":[0,0],"17":[0,0],"18":[4,0],"19":[4,2],"20":[2,2],"21":[0,3],"22":[0,3]}}
,"/Users/lilacjanepro/Desktop/Vantage App UI Only/VantageApp/packages/api/handlers/api/send-fax.ts": {"path":"/Users/lilacjanepro/Desktop/Vantage App UI Only/VantageApp/packages/api/handlers/api/send-fax.ts","statementMap":{"0":{"start":{"line":19,"column":0},"end":{"line":19,"column":36}},"1":{"start":{"line":20,"column":0},"end":{"line":20,"column":54}},"2":{"start":{"line":21,"column":0},"end":{"line":21,"column":61}},"3":{"start":{"line":22,"column":0},"end":{"line":22,"column":45}},"4":{"start":{"line":23,"column":0},"end":{"line":23,"column":84}},"5":{"start":{"line":24,"column":0},"end":{"line":24,"column":50}},"6":{"start":{"line":26,"column":47},"end":{"line":170,"column":1}},"7":{"start":{"line":27,"column":2},"end":{"line":169,"column":3}},"8":{"start":{"line":28,"column":19},"end":{"line":28,"column":43}},"9":{"start":{"line":29,"column":23},"end":{"line":29,"column":40}},"10":{"start":{"line":30,"column":17},"end":{"line":30,"column":33}},"11":{"start":{"line":31,"column":4},"end":{"line":31,"column":65}},"12":{"start":{"line":31,"column":15},"end":{"line":31,"column":65}},"13":{"start":{"line":33,"column":25},"end":{"line":33,"column":65}},"14":{"start":{"line":34,"column":24},"end":{"line":34,"column":63}},"15":{"start":{"line":35,"column":4},"end":{"line":37,"column":5}},"16":{"start":{"line":36,"column":6},"end":{"line":36,"column":80}},"17":{"start":{"line":40,"column":15},"end":{"line":40,"column":69}},"18":{"start":{"line":41,"column":4},"end":{"line":71,"column":5}},"19":{"start":{"line":42,"column":33},"end":{"line":42,"column":35}},"20":{"start":{"line":43,"column":6},"end":{"line":45,"column":7}},"21":{"start":{"line":44,"column":8},"end":{"line":44,"column":80}},"22":{"start":{"line":46,"column":6},"end":{"line":48,"column":7}},"23":{"start":{"line":47,"column":8},"end":{"line":47,"column":76}},"24":{"start":{"line":49,"column":6},"end":{"line":51,"column":7}},"25":{"start":{"line":50,"column":8},"end":{"line":50,"column":80}},"26":{"start":{"line":52,"column":6},"end":{"line":57,"column":7}},"27":{"start":{"line":56,"column":8},"end":{"line":56,"column":88}},"28":{"start":{"line":58,"column":6},"end":{"line":64,"column":7}},"29":{"start":{"line":63,"column":8},"end":{"line":63,"column":96}},"30":{"start":{"line":65,"column":6},"end":{"line":67,"column":7}},"31":{"start":{"line":66,"column":8},"end":{"line":66,"column":84}},"32":{"start":{"line":68,"column":6},"end":{"line":70,"column":7}},"33":{"start":{"line":69,"column":8},"end":{"line":69,"column":84}},"34":{"start":{"line":74,"column":26},"end":{"line":74,"column":67}},"35":{"start":{"line":75,"column":4},"end":{"line":90,"column":5}},"36":{"start":{"line":76,"column":39},"end":{"line":79,"column":8}},"37":{"start":{"line":80,"column":6},"end":{"line":89,"column":7}},"38":{"start":{"line":81,"column":23},"end":{"line":81,"column":45}},"39":{"start":{"line":82,"column":26},"end":{"line":83,"column":75}},"40":{"start":{"line":83,"column":47},"end":{"line":83,"column":74}},"41":{"start":{"line":84,"column":8},"end":{"line":86,"column":9}},"42":{"start":{"line":85,"column":10},"end":{"line":85,"column":86}},"43":{"start":{"line":88,"column":8},"end":{"line":88,"column":63}},"44":{"start":{"line":92,"column":18},"end":{"line":92,"column":52}},"45":{"start":{"line":93,"column":16},"end":{"line":93,"column":40}},"46":{"start":{"line":94,"column":17},"end":{"line":94,"column":25}},"47":{"start":{"line":98,"column":20},"end":{"line":98,"column":38}},"48":{"start":{"line":99,"column":21},"end":{"line":99,"column":52}},"49":{"start":{"line":100,"column":4},"end":{"line":114,"column":5}},"50":{"start":{"line":101,"column":25},"end":{"line":106,"column":null}},"51":{"start":{"line":108,"column":6},"end":{"line":108,"column":53}},"52":{"start":{"line":109,"column":6},"end":{"line":109,"column":24}},"53":{"start":{"line":110,"column":6},"end":{"line":110,"column":57}},"54":{"start":{"line":112,"column":6},"end":{"line":112,"column":68}},"55":{"start":{"line":113,"column":6},"end":{"line":113,"column":24}},"56":{"start":{"line":116,"column":22},"end":{"line":116,"column":45}},"57":{"start":{"line":118,"column":17},"end":{"line":137,"column":6}},"58":{"start":{"line":139,"column":4},"end":{"line":139,"column":24}},"59":{"start":{"line":141,"column":22},"end":{"line":141,"column":43}},"60":{"start":{"line":142,"column":4},"end":{"line":152,"column":7}},"61":{"start":{"line":154,"column":4},"end":{"line":165,"column":7}},"62":{"start":{"line":167,"column":4},"end":{"line":167,"column":61}},"63":{"start":{"line":168,"column":4},"end":{"line":168,"column":45}},"64":{"start":{"line":26,"column":13},"end":{"line":26,"column":47}}},"fnMap":{"0":{"name":"(anonymous_0)","decl":{"start":{"line":26,"column":47},"end":{"line":26,"column":52}},"loc":{"start":{"line":26,"column":63},"end":{"line":170,"column":1}}},"1":{"name":"(anonymous_1)","decl":{"start":{"line":83,"column":40},"end":{"line":83,"column":41}},"loc":{"start":{"line":83,"column":47},"end":{"line":83,"column":74}}}},"branchMap":{"0":{"loc":{"start":{"line":31,"column":4},"end":{"line":31,"column":65}},"type":"if","locations":[{"start":{"line":31,"column":4},"end":{"line":31,"column":65}},{"start":{},"end":{}}]},"1":{"loc":{"start":{"line":35,"column":4},"end":{"line":37,"column":5}},"type":"if","locations":[{"start":{"line":35,"column":4},"end":{"line":37,"column":5}},{"start":{},"end":{}}]},"2":{"loc":{"start":{"line":35,"column":8},"end":{"line":35,"column":37}},"type":"binary-expr","locations":[{"start":{"line":35,"column":8},"end":{"line":35,"column":21}},{"start":{"line":35,"column":25},"end":{"line":35,"column":37}}]},"3":{"loc":{"start":{"line":41,"column":4},"end":{"line":71,"column":5}},"type":"if","locations":[{"start":{"line":41,"column":4},"end":{"line":71,"column":5}},{"start":{},"end":{}}]},"4":{"loc":{"start":{"line":43,"column":6},"end":{"line":45,"column":7}},"type":"if","locations":[{"start":{"line":43,"column":6},"end":{"line":45,"column":7}},{"start":{},"end":{}}]},"5":{"loc":{"start":{"line":43,"column":10},"end":{"line":43,"column":61}},"type":"binary-expr","locations":[{"start":{"line":43,"column":10},"end":{"line":43,"column":24}},{"start":{"line":43,"column":28},"end":{"line":43,"column":61}}]},"6":{"loc":{"start":{"line":46,"column":6},"end":{"line":48,"column":7}},"type":"if","locations":[{"start":{"line":46,"column":6},"end":{"line":48,"column":7}},{"start":{},"end":{}}]},"7":{"loc":{"start":{"line":46,"column":10},"end":{"line":46,"column":53}},"type":"binary-expr","locations":[{"start":{"line":46,"column":10},"end":{"line":46,"column":20}},{"start":{"line":46,"column":24},"end":{"line":46,"column":53}}]},"8":{"loc":{"start":{"line":49,"column":6},"end":{"line":51,"column":7}},"type":"if","locations":[{"start":{"line":49,"column":6},"end":{"line":51,"column":7}},{"start":{},"end":{}}]},"9":{"loc":{"start":{"line":49,"column":10},"end":{"line":49,"column":61}},"type":"binary-expr","locations":[{"start":{"line":49,"column":10},"end":{"line":49,"column":24}},{"start":{"line":49,"column":28},"end":{"line":49,"column":61}}]},"10":{"loc":{"start":{"line":52,"column":6},"end":{"line":57,"column":7}},"type":"if","locations":[{"start":{"line":52,"column":6},"end":{"line":57,"column":7}},{"start":{},"end":{}}]},"11":{"loc":{"start":{"line":53,"column":8},"end":{"line":54,"column":92}},"type":"binary-expr","locations":[{"start":{"line":53,"column":8},"end":{"line":53,"column":33}},{"start":{"line":53,"column":37},"end":{"line":53,"column":57}},{"start":{"line":54,"column":8},"end":{"line":54,"column":39}},{"start":{"line":54,"column":43},"end":{"line":54,"column":73}},{"start":{"line":54,"column":77},"end":{"line":54,"column":92}}]},"12":{"loc":{"start":{"line":58,"column":6},"end":{"line":64,"column":7}},"type":"if","locations":[{"start":{"line":58,"column":6},"end":{"line":64,"column":7}},{"start":{},"end":{}}]},"13":{"loc":{"start":{"line":59,"column":8},"end":{"line":61,"column":41}},"type":"binary-expr","locations":[{"start":{"line":59,"column":8},"end":{"line":59,"column":32}},{"start":{"line":59,"column":36},"end":{"line":59,"column":55}},{"start":{"line":60,"column":8},"end":{"line":60,"column":38}},{"start":{"line":60,"column":42},"end":{"line":60,"column":71}},{"start":{"line":61,"column":8},"end":{"line":61,"column":22}},{"start":{"line":61,"column":26},"end":{"line":61,"column":41}}]},"14":{"loc":{"start":{"line":65,"column":6},"end":{"line":67,"column":7}},"type":"if","locations":[{"start":{"line":65,"column":6},"end":{"line":67,"column":7}},{"start":{},"end":{}}]},"15":{"loc":{"start":{"line":65,"column":10},"end":{"line":65,"column":69}},"type":"binary-expr","locations":[{"start":{"line":65,"column":10},"end":{"line":65,"column":28}},{"start":{"line":65,"column":32},"end":{"line":65,"column":69}}]},"16":{"loc":{"start":{"line":68,"column":6},"end":{"line":70,"column":7}},"type":"if","locations":[{"start":{"line":68,"column":6},"end":{"line":70,"column":7}},{"start":{},"end":{}}]},"17":{"loc":{"start":{"line":75,"column":4},"end":{"line":90,"column":5}},"type":"if","locations":[{"start":{"line":75,"column":4},"end":{"line":90,"column":5}},{"start":{},"end":{}}]},"18":{"loc":{"start":{"line":82,"column":26},"end":{"line":83,"column":75}},"type":"binary-expr","locations":[{"start":{"line":82,"column":26},"end":{"line":82,"column":54}},{"start":{"line":83,"column":10},"end":{"line":83,"column":75}}]},"19":{"loc":{"start":{"line":84,"column":8},"end":{"line":86,"column":9}},"type":"if","locations":[{"start":{"line":84,"column":8},"end":{"line":86,"column":9}},{"start":{},"end":{}}]},"20":{"loc":{"start":{"line":99,"column":21},"end":{"line":99,"column":52}},"type":"binary-expr","locations":[{"start":{"line":99,"column":21},"end":{"line":99,"column":44}},{"start":{"line":99,"column":48},"end":{"line":99,"column":52}}]},"21":{"loc":{"start":{"line":105,"column":20},"end":{"line":105,"column":52}},"type":"binary-expr","locations":[{"start":{"line":105,"column":20},"end":{"line":105,"column":39}},{"start":{"line":105,"column":43},"end":{"line":105,"column":52}}]},"22":{"loc":{"start":{"line":108,"column":18},"end":{"line":108,"column":52}},"type":"binary-expr","locations":[{"start":{"line":108,"column":18},"end":{"line":108,"column":31}},{"start":{"line":108,"column":35},"end":{"line":108,"column":52}}]},"23":{"loc":{"start":{"line":116,"column":22},"end":{"line":116,"column":45}},"type":"binary-expr","locations":[{"start":{"line":116,"column":22},"end":{"line":116,"column":37}},{"start":{"line":116,"column":41},"end":{"line":116,"column":45}}]},"24":{"loc":{"start":{"line":123,"column":17},"end":{"line":123,"column":40}},"type":"binary-expr","locations":[{"start":{"line":123,"column":17},"end":{"line":123,"column":32}},{"start":{"line":123,"column":36},"end":{"line":123,"column":40}}]},"25":{"loc":{"start":{"line":126,"column":21},"end":{"line":126,"column":48}},"type":"binary-expr","locations":[{"start":{"line":126,"column":21},"end":{"line":126,"column":40}},{"start":{"line":126,"column":44},"end":{"line":126,"column":48}}]},"26":{"loc":{"start":{"line":128,"column":17},"end":{"line":128,"column":61}},"type":"cond-expr","locations":[{"start":{"line":128,"column":29},"end":{"line":128,"column":54}},{"start":{"line":128,"column":57},"end":{"line":128,"column":61}}]},"27":{"loc":{"start":{"line":129,"column":21},"end":{"line":129,"column":48}},"type":"binary-expr","locations":[{"start":{"line":129,"column":21},"end":{"line":129,"column":40}},{"start":{"line":129,"column":44},"end":{"line":129,"column":48}}]},"28":{"loc":{"start":{"line":130,"column":17},"end":{"line":130,"column":34}},"type":"binary-expr","locations":[{"start":{"line":130,"column":17},"end":{"line":130,"column":26}},{"start":{"line":130,"column":30},"end":{"line":130,"column":34}}]},"29":{"loc":{"start":{"line":149,"column":19},"end":{"line":149,"column":42}},"type":"binary-expr","locations":[{"start":{"line":149,"column":19},"end":{"line":149,"column":34}},{"start":{"line":149,"column":38},"end":{"line":149,"column":42}}]},"30":{"loc":{"start":{"line":156,"column":18},"end":{"line":156,"column":41}},"type":"binary-expr","locations":[{"start":{"line":156,"column":18},"end":{"line":156,"column":33}},{"start":{"line":156,"column":37},"end":{"line":156,"column":41}}]},"31":{"loc":{"start":{"line":159,"column":22},"end":{"line":159,"column":49}},"type":"binary-expr","locations":[{"start":{"line":159,"column":22},"end":{"line":159,"column":41}},{"start":{"line":159,"column":45},"end":{"line":159,"column":49}}]},"32":{"loc":{"start":{"line":162,"column":22},"end":{"line":162,"column":49}},"type":"binary-expr","locations":[{"start":{"line":162,"column":22},"end":{"line":162,"column":41}},{"start":{"line":162,"column":45},"end":{"line":162,"column":49}}]}},"s":{"0":2,"1":2,"2":2,"3":2,"4":2,"5":2,"6":2,"7":14,"8":14,"9":14,"10":14,"11":14,"12":0,"13":14,"14":14,"15":14,"16":0,"17":14,"18":14,"19":11,"20":11,"21":1,"22":11,"23":1,"24":11,"25":1,"26":11,"27":2,"28":11,"29":2,"30":11,"31":0,"32":11,"33":7,"34":7,"35":7,"36":0,"37":0,"38":0,"39":0,"40":0,"41":0,"42":0,"43":0,"44":7,"45":7,"46":7,"47":7,"48":7,"49":7,"50":7,"51":7,"52":7,"53":7,"54":0,"55":0,"56":7,"57":7,"58":7,"59":7,"60":7,"61":7,"62":0,"63":0,"64":2},"f":{"0":14,"1":0},"b":{"0":[0,14],"1":[0,14],"2":[14,14],"3":[11,3],"4":[1,10],"5":[11,10],"6":[1,10],"7":[11,10],"8":[1,10],"9":[11,10],"10":[2,9],"11":[11,11,11,10,10],"12":[2,9],"13":[11,11,11,11,11,10],"14":[0,11],"15":[11,11],"16":[7,4],"17":[0,7],"18":[0,0],"19":[0,0],"20":[7,0],"21":[7,7],"22":[7,0],"23":[7,3],"24":[7,0],"25":[7,7],"26":[4,3],"27":[7,7],"28":[7,0],"29":[7,0],"30":[7,0],"31":[7,7],"32":[7,7]}}
,"/Users/lilacjanepro/Desktop/Vantage App UI Only/VantageApp/packages/api/handlers/auth/pre-sign-up.ts": {"path":"/Users/lilacjanepro/Desktop/Vantage App UI Only/VantageApp/packages/api/handlers/auth/pre-sign-up.ts","statementMap":{"0":{"start":{"line":25,"column":0},"end":{"line":25,"column":7}},"1":{"start":{"line":8,"column":24},"end":{"line":8,"column":62}},"2":{"start":{"line":26,"column":16},"end":{"line":26,"column":50}},"3":{"start":{"line":28,"column":2},"end":{"line":30,"column":3}},"4":{"start":{"line":29,"column":4},"end":{"line":29,"column":63}},"5":{"start":{"line":32,"column":17},"end":{"line":32,"column":51}},"6":{"start":{"line":34,"column":2},"end":{"line":36,"column":3}},"7":{"start":{"line":35,"column":4},"end":{"line":35,"column":83}},"8":{"start":{"line":39,"column":2},"end":{"line":41,"column":3}},"9":{"start":{"line":40,"column":4},"end":{"line":40,"column":42}},"10":{"start":{"line":43,"column":2},"end":{"line":43,"column":15}}},"fnMap":{"0":{"name":"handler","decl":{"start":{"line":25,"column":22},"end":{"line":25,"column":29}},"loc":{"start":{"line":25,"column":51},"end":{"line":44,"column":1}}}},"branchMap":{"0":{"loc":{"start":{"line":28,"column":2},"end":{"line":30,"column":3}},"type":"if","locations":[{"start":{"line":28,"column":2},"end":{"line":30,"column":3}},{"start":{},"end":{}}]},"1":{"loc":{"start":{"line":34,"column":2},"end":{"line":36,"column":3}},"type":"if","locations":[{"start":{"line":34,"column":2},"end":{"line":36,"column":3}},{"start":{},"end":{}}]},"2":{"loc":{"start":{"line":34,"column":6},"end":{"line":34,"column":50}},"type":"binary-expr","locations":[{"start":{"line":34,"column":6},"end":{"line":34,"column":13}},{"start":{"line":34,"column":17},"end":{"line":34,"column":50}}]},"3":{"loc":{"start":{"line":39,"column":2},"end":{"line":41,"column":3}},"type":"if","locations":[{"start":{"line":39,"column":2},"end":{"line":41,"column":3}},{"start":{},"end":{}}]}},"s":{"0":1,"1":1,"2":6,"3":6,"4":1,"5":5,"6":5,"7":2,"8":3,"9":1,"10":3},"f":{"0":6},"b":{"0":[1,5],"1":[2,3],"2":[5,5],"3":[1,2]}}
,"/Users/lilacjanepro/Desktop/Vantage App UI Only/VantageApp/packages/api/handlers/transcription/get-transcription-result.ts": {"path":"/Users/lilacjanepro/Desktop/Vantage App UI Only/VantageApp/packages/api/handlers/transcription/get-transcription-result.ts","statementMap":{"0":{"start":{"line":11,"column":0},"end":{"line":11,"column":54}},"1":{"start":{"line":12,"column":0},"end":{"line":12,"column":72}},"2":{"start":{"line":13,"column":0},"end":{"line":13,"column":73}},"3":{"start":{"line":14,"column":0},"end":{"line":14,"column":72}},"4":{"start":{"line":16,"column":25},"end":{"line":16,"column":49}},"5":{"start":{"line":18,"column":47},"end":{"line":58,"column":1}},"6":{"start":{"line":19,"column":2},"end":{"line":57,"column":3}},"7":{"start":{"line":20,"column":4},"end":{"line":20,"column":29}},"8":{"start":{"line":22,"column":20},"end":{"line":22,"column":56}},"9":{"start":{"line":23,"column":4},"end":{"line":25,"column":5}},"10":{"start":{"line":24,"column":6},"end":{"line":24,"column":91}},"11":{"start":{"line":27,"column":19},"end":{"line":27,"column":63}},"12":{"start":{"line":30,"column":21},"end":{"line":30,"column":58}},"13":{"start":{"line":31,"column":4},"end":{"line":48,"column":5}},"14":{"start":{"line":32,"column":18},"end":{"line":32,"column":42}},"15":{"start":{"line":33,"column":19},"end":{"line":37,"column":8}},"16":{"start":{"line":38,"column":6},"end":{"line":47,"column":7}},"17":{"start":{"line":39,"column":8},"end":{"line":46,"column":9}},"18":{"start":{"line":40,"column":10},"end":{"line":43,"column":13}},"19":{"start":{"line":45,"column":10},"end":{"line":45,"column":97}},"20":{"start":{"line":50,"column":4},"end":{"line":53,"column":7}},"21":{"start":{"line":55,"column":4},"end":{"line":55,"column":77}},"22":{"start":{"line":56,"column":4},"end":{"line":56,"column":61}},"23":{"start":{"line":18,"column":13},"end":{"line":18,"column":47}}},"fnMap":{"0":{"name":"(anonymous_0)","decl":{"start":{"line":18,"column":47},"end":{"line":18,"column":52}},"loc":{"start":{"line":18,"column":63},"end":{"line":58,"column":1}}}},"branchMap":{"0":{"loc":{"start":{"line":23,"column":4},"end":{"line":25,"column":5}},"type":"if","locations":[{"start":{"line":23,"column":4},"end":{"line":25,"column":5}},{"start":{},"end":{}}]},"1":{"loc":{"start":{"line":23,"column":8},"end":{"line":23,"column":51}},"type":"binary-expr","locations":[{"start":{"line":23,"column":8},"end":{"line":23,"column":16}},{"start":{"line":23,"column":20},"end":{"line":23,"column":51}}]},"2":{"loc":{"start":{"line":31,"column":4},"end":{"line":48,"column":5}},"type":"if","locations":[{"start":{"line":31,"column":4},"end":{"line":48,"column":5}},{"start":{},"end":{}}]},"3":{"loc":{"start":{"line":31,"column":8},"end":{"line":31,"column":49}},"type":"binary-expr","locations":[{"start":{"line":31,"column":8},"end":{"line":31,"column":37}},{"start":{"line":31,"column":41},"end":{"line":31,"column":49}}]},"4":{"loc":{"start":{"line":34,"column":20},"end":{"line":34,"column":45}},"type":"binary-expr","locations":[{"start":{"line":34,"column":20},"end":{"line":34,"column":37}},{"start":{"line":34,"column":41},"end":{"line":34,"column":45}}]},"5":{"loc":{"start":{"line":38,"column":6},"end":{"line":47,"column":7}},"type":"if","locations":[{"start":{"line":38,"column":6},"end":{"line":47,"column":7}},{"start":{},"end":{}}]}},"s":{"0":1,"1":1,"2":1,"3":1,"4":1,"5":1,"6":4,"7":4,"8":4,"9":4,"10":2,"11":2,"12":2,"13":2,"14":0,"15":0,"16":0,"17":0,"18":0,"19":0,"20":2,"21":0,"22":0,"23":1},"f":{"0":4},"b":{"0":[2,2],"1":[4,3],"2":[0,2],"3":[2,1],"4":[0,0],"5":[0,0]}}
,"/Users/lilacjanepro/Desktop/Vantage App UI Only/VantageApp/packages/api/handlers/transcription/get-upload-url.ts": {"path":"/Users/lilacjanepro/Desktop/Vantage App UI Only/VantageApp/packages/api/handlers/transcription/get-upload-url.ts","statementMap":{"0":{"start":{"line":11,"column":0},"end":{"line":11,"column":64}},"1":{"start":{"line":12,"column":0},"end":{"line":12,"column":61}},"2":{"start":{"line":13,"column":0},"end":{"line":13,"column":36}},"3":{"start":{"line":14,"column":0},"end":{"line":14,"column":54}},"4":{"start":{"line":15,"column":0},"end":{"line":15,"column":73}},"5":{"start":{"line":17,"column":11},"end":{"line":17,"column":27}},"6":{"start":{"line":18,"column":26},"end":{"line":18,"column":56}},"7":{"start":{"line":20,"column":22},"end":{"line":20,"column":60}},"8":{"start":{"line":22,"column":52},"end":{"line":27,"column":2}},"9":{"start":{"line":29,"column":47},"end":{"line":54,"column":1}},"10":{"start":{"line":30,"column":2},"end":{"line":53,"column":3}},"11":{"start":{"line":31,"column":4},"end":{"line":31,"column":29}},"12":{"start":{"line":33,"column":19},"end":{"line":33,"column":54}},"13":{"start":{"line":34,"column":4},"end":{"line":36,"column":5}},"14":{"start":{"line":35,"column":6},"end":{"line":35,"column":92}},"15":{"start":{"line":38,"column":15},"end":{"line":38,"column":27}},"16":{"start":{"line":39,"column":18},"end":{"line":39,"column":51}},"17":{"start":{"line":41,"column":20},"end":{"line":45,"column":6}},"18":{"start":{"line":47,"column":22},"end":{"line":47,"column":73}},"19":{"start":{"line":49,"column":4},"end":{"line":49,"column":41}},"20":{"start":{"line":51,"column":4},"end":{"line":51,"column":67}},"21":{"start":{"line":52,"column":4},"end":{"line":52,"column":56}},"22":{"start":{"line":29,"column":13},"end":{"line":29,"column":47}}},"fnMap":{"0":{"name":"(anonymous_0)","decl":{"start":{"line":29,"column":47},"end":{"line":29,"column":52}},"loc":{"start":{"line":29,"column":63},"end":{"line":54,"column":1}}}},"branchMap":{"0":{"loc":{"start":{"line":34,"column":4},"end":{"line":36,"column":5}},"type":"if","locations":[{"start":{"line":34,"column":4},"end":{"line":36,"column":5}},{"start":{},"end":{}}]},"1":{"loc":{"start":{"line":34,"column":8},"end":{"line":34,"column":45}},"type":"binary-expr","locations":[{"start":{"line":34,"column":8},"end":{"line":34,"column":15}},{"start":{"line":34,"column":19},"end":{"line":34,"column":45}}]}},"s":{"0":1,"1":1,"2":1,"3":1,"4":1,"5":1,"6":1,"7":1,"8":1,"9":1,"10":7,"11":7,"12":7,"13":7,"14":2,"15":5,"16":5,"17":5,"18":5,"19":5,"20":0,"21":0,"22":1},"f":{"0":7},"b":{"0":[2,5],"1":[7,6]}}
,"/Users/lilacjanepro/Desktop/Vantage App UI Only/VantageApp/packages/api/handlers/transcription/start-medical-transcription.ts": {"path":"/Users/lilacjanepro/Desktop/Vantage App UI Only/VantageApp/packages/api/handlers/transcription/start-medical-transcription.ts","statementMap":{"0":{"start":{"line":13,"column":0},"end":{"line":13,"column":36}},"1":{"start":{"line":14,"column":0},"end":{"line":14,"column":54}},"2":{"start":{"line":15,"column":0},"end":{"line":15,"column":52}},"3":{"start":{"line":16,"column":0},"end":{"line":16,"column":84}},"4":{"start":{"line":17,"column":0},"end":{"line":17,"column":null}},"5":{"start":{"line":23,"column":24},"end":{"line":23,"column":59}},"6":{"start":{"line":25,"column":70},"end":{"line":31,"column":2}},"7":{"start":{"line":33,"column":47},"end":{"line":90,"column":1}},"8":{"start":{"line":34,"column":2},"end":{"line":89,"column":3}},"9":{"start":{"line":35,"column":19},"end":{"line":35,"column":43}},"10":{"start":{"line":36,"column":17},"end":{"line":36,"column":33}},"11":{"start":{"line":37,"column":4},"end":{"line":37,"column":65}},"12":{"start":{"line":37,"column":15},"end":{"line":37,"column":65}},"13":{"start":{"line":39,"column":18},"end":{"line":39,"column":50}},"14":{"start":{"line":40,"column":20},"end":{"line":40,"column":54}},"15":{"start":{"line":41,"column":21},"end":{"line":41,"column":56}},"16":{"start":{"line":43,"column":4},"end":{"line":45,"column":5}},"17":{"start":{"line":44,"column":6},"end":{"line":44,"column":67}},"18":{"start":{"line":48,"column":4},"end":{"line":50,"column":5}},"19":{"start":{"line":49,"column":6},"end":{"line":49,"column":58}},"20":{"start":{"line":52,"column":4},"end":{"line":54,"column":5}},"21":{"start":{"line":53,"column":6},"end":{"line":53,"column":66}},"22":{"start":{"line":57,"column":20},"end":{"line":57,"column":62}},"23":{"start":{"line":58,"column":20},"end":{"line":58,"column":68}},"24":{"start":{"line":61,"column":16},"end":{"line":61,"column":63}},"25":{"start":{"line":62,"column":24},"end":{"line":62,"column":52}},"26":{"start":{"line":64,"column":22},"end":{"line":64,"column":54}},"27":{"start":{"line":66,"column":4},"end":{"line":75,"column":7}},"28":{"start":{"line":77,"column":4},"end":{"line":83,"column":7}},"29":{"start":{"line":85,"column":4},"end":{"line":85,"column":37}},"30":{"start":{"line":87,"column":4},"end":{"line":87,"column":72}},"31":{"start":{"line":88,"column":4},"end":{"line":88,"column":56}},"32":{"start":{"line":33,"column":13},"end":{"line":33,"column":47}}},"fnMap":{"0":{"name":"(anonymous_0)","decl":{"start":{"line":33,"column":47},"end":{"line":33,"column":52}},"loc":{"start":{"line":33,"column":63},"end":{"line":90,"column":1}}}},"branchMap":{"0":{"loc":{"start":{"line":37,"column":4},"end":{"line":37,"column":65}},"type":"if","locations":[{"start":{"line":37,"column":4},"end":{"line":37,"column":65}},{"start":{},"end":{}}]},"1":{"loc":{"start":{"line":43,"column":4},"end":{"line":45,"column":5}},"type":"if","locations":[{"start":{"line":43,"column":4},"end":{"line":45,"column":5}},{"start":{},"end":{}}]},"2":{"loc":{"start":{"line":43,"column":8},"end":{"line":43,"column":26}},"type":"binary-expr","locations":[{"start":{"line":43,"column":8},"end":{"line":43,"column":14}},{"start":{"line":43,"column":18},"end":{"line":43,"column":26}}]},"3":{"loc":{"start":{"line":48,"column":4},"end":{"line":50,"column":5}},"type":"if","locations":[{"start":{"line":48,"column":4},"end":{"line":50,"column":5}},{"start":{},"end":{}}]},"4":{"loc":{"start":{"line":52,"column":4},"end":{"line":54,"column":5}},"type":"if","locations":[{"start":{"line":52,"column":4},"end":{"line":54,"column":5}},{"start":{},"end":{}}]},"5":{"loc":{"start":{"line":61,"column":16},"end":{"line":61,"column":63}},"type":"binary-expr","locations":[{"start":{"line":61,"column":16},"end":{"line":61,"column":53}},{"start":{"line":61,"column":57},"end":{"line":61,"column":63}}]},"6":{"loc":{"start":{"line":62,"column":24},"end":{"line":62,"column":52}},"type":"binary-expr","locations":[{"start":{"line":62,"column":24},"end":{"line":62,"column":42}},{"start":{"line":62,"column":46},"end":{"line":62,"column":52}}]},"7":{"loc":{"start":{"line":71,"column":12},"end":{"line":71,"column":66}},"type":"cond-expr","locations":[{"start":{"line":71,"column":38},"end":{"line":71,"column":49}},{"start":{"line":71,"column":52},"end":{"line":71,"column":66}}]},"8":{"loc":{"start":{"line":82,"column":45},"end":{"line":82,"column":61}},"type":"binary-expr","locations":[{"start":{"line":82,"column":45},"end":{"line":82,"column":53}},{"start":{"line":82,"column":57},"end":{"line":82,"column":61}}]}},"s":{"0":1,"1":1,"2":1,"3":1,"4":1,"5":1,"6":1,"7":1,"8":7,"9":7,"10":7,"11":7,"12":0,"13":7,"14":7,"15":7,"16":7,"17":0,"18":7,"19":2,"20":5,"21":1,"22":4,"23":4,"24":4,"25":4,"26":4,"27":4,"28":4,"29":4,"30":0,"31":0,"32":1},"f":{"0":7},"b":{"0":[0,7],"1":[0,7],"2":[7,7],"3":[2,5],"4":[1,4],"5":[4,0],"6":[4,0],"7":[2,2],"8":[4,1]}}
,"/Users/lilacjanepro/Desktop/Vantage App UI Only/VantageApp/packages/api/shared/response.ts": {"path":"/Users/lilacjanepro/Desktop/Vantage App UI Only/VantageApp/packages/api/shared/response.ts","statementMap":{"0":{"start":{"line":35,"column":0},"end":{"line":35,"column":16}},"1":{"start":{"line":41,"column":0},"end":{"line":41,"column":16}},"2":{"start":{"line":45,"column":0},"end":{"line":45,"column":16}},"3":{"start":{"line":53,"column":0},"end":{"line":53,"column":16}},"4":{"start":{"line":57,"column":0},"end":{"line":57,"column":16}},"5":{"start":{"line":65,"column":0},"end":{"line":65,"column":16}},"6":{"start":{"line":73,"column":0},"end":{"line":73,"column":16}},"7":{"start":{"line":81,"column":0},"end":{"line":81,"column":16}},"8":{"start":{"line":89,"column":0},"end":{"line":89,"column":16}},"9":{"start":{"line":101,"column":0},"end":{"line":101,"column":16}},"10":{"start":{"line":112,"column":0},"end":{"line":112,"column":16}},"11":{"start":{"line":3,"column":21},"end":{"line":6,"column":2}},"12":{"start":{"line":7,"column":20},"end":{"line":7,"column":70}},"13":{"start":{"line":9,"column":14},"end":{"line":9,"column":40}},"14":{"start":{"line":10,"column":24},"end":{"line":10,"column":82}},"15":{"start":{"line":13,"column":17},"end":{"line":13,"column":48}},"16":{"start":{"line":14,"column":2},"end":{"line":16,"column":3}},"17":{"start":{"line":15,"column":4},"end":{"line":15,"column":18}},"18":{"start":{"line":17,"column":2},"end":{"line":17,"column":25}},"19":{"start":{"line":21,"column":2},"end":{"line":28,"column":4}},"20":{"start":{"line":36,"column":2},"end":{"line":36,"column":56}},"21":{"start":{"line":42,"column":2},"end":{"line":42,"column":26}},"22":{"start":{"line":46,"column":2},"end":{"line":50,"column":4}},"23":{"start":{"line":54,"column":2},"end":{"line":54,"column":36}},"24":{"start":{"line":58,"column":2},"end":{"line":62,"column":4}},"25":{"start":{"line":66,"column":2},"end":{"line":70,"column":4}},"26":{"start":{"line":74,"column":2},"end":{"line":78,"column":4}},"27":{"start":{"line":82,"column":2},"end":{"line":86,"column":4}},"28":{"start":{"line":90,"column":2},"end":{"line":94,"column":4}},"29":{"start":{"line":102,"column":2},"end":{"line":106,"column":3}},"30":{"start":{"line":103,"column":4},"end":{"line":103,"column":42}},"31":{"start":{"line":105,"column":4},"end":{"line":105,"column":16}},"32":{"start":{"line":113,"column":2},"end":{"line":117,"column":3}},"33":{"start":{"line":114,"column":4},"end":{"line":114,"column":32}},"34":{"start":{"line":116,"column":4},"end":{"line":116,"column":21}}},"fnMap":{"0":{"name":"corsOrigin","decl":{"start":{"line":12,"column":9},"end":{"line":12,"column":19}},"loc":{"start":{"line":12,"column":42},"end":{"line":18,"column":1}}},"1":{"name":"headersForOrigin","decl":{"start":{"line":20,"column":9},"end":{"line":20,"column":25}},"loc":{"start":{"line":20,"column":41},"end":{"line":29,"column":1}}},"2":{"name":"getOrigin","decl":{"start":{"line":35,"column":16},"end":{"line":35,"column":25}},"loc":{"start":{"line":35,"column":53},"end":{"line":37,"column":1}}},"3":{"name":"setRequestOrigin","decl":{"start":{"line":41,"column":16},"end":{"line":41,"column":32}},"loc":{"start":{"line":41,"column":48},"end":{"line":43,"column":1}}},"4":{"name":"success","decl":{"start":{"line":45,"column":16},"end":{"line":45,"column":23}},"loc":{"start":{"line":45,"column":72},"end":{"line":51,"column":1}}},"5":{"name":"created","decl":{"start":{"line":53,"column":16},"end":{"line":53,"column":23}},"loc":{"start":{"line":53,"column":54},"end":{"line":55,"column":1}}},"6":{"name":"badRequest","decl":{"start":{"line":57,"column":16},"end":{"line":57,"column":26}},"loc":{"start":{"line":57,"column":59},"end":{"line":63,"column":1}}},"7":{"name":"unauthorized","decl":{"start":{"line":65,"column":16},"end":{"line":65,"column":28}},"loc":{"start":{"line":65,"column":70},"end":{"line":71,"column":1}}},"8":{"name":"forbidden","decl":{"start":{"line":73,"column":16},"end":{"line":73,"column":25}},"loc":{"start":{"line":73,"column":64},"end":{"line":79,"column":1}}},"9":{"name":"notFound","decl":{"start":{"line":81,"column":16},"end":{"line":81,"column":24}},"loc":{"start":{"line":81,"column":63},"end":{"line":87,"column":1}}},"10":{"name":"serverError","decl":{"start":{"line":89,"column":16},"end":{"line":89,"column":27}},"loc":{"start":{"line":89,"column":78},"end":{"line":95,"column":1}}},"11":{"name":"parseBody","decl":{"start":{"line":101,"column":16},"end":{"line":101,"column":25}},"loc":{"start":{"line":101,"column":57},"end":{"line":107,"column":1}}},"12":{"name":"safeJsonParse","decl":{"start":{"line":112,"column":16},"end":{"line":112,"column":29}},"loc":{"start":{"line":112,"column":54},"end":{"line":118,"column":1}}}},"branchMap":{"0":{"loc":{"start":{"line":9,"column":14},"end":{"line":9,"column":40}},"type":"binary-expr","locations":[{"start":{"line":9,"column":14},"end":{"line":9,"column":31}},{"start":{"line":9,"column":35},"end":{"line":9,"column":40}}]},"1":{"loc":{"start":{"line":10,"column":46},"end":{"line":10,"column":80}},"type":"cond-expr","locations":[{"start":{"line":10,"column":64},"end":{"line":10,"column":75}},{"start":{"line":10,"column":78},"end":{"line":10,"column":80}}]},"2":{"loc":{"start":{"line":13,"column":17},"end":{"line":13,"column":48}},"type":"binary-expr","locations":[{"start":{"line":13,"column":17},"end":{"line":13,"column":30}},{"start":{"line":13,"column":34},"end":{"line":13,"column":48}}]},"3":{"loc":{"start":{"line":14,"column":2},"end":{"line":16,"column":3}},"type":"if","locations":[{"start":{"line":14,"column":2},"end":{"line":16,"column":3}},{"start":{},"end":{}}]},"4":{"loc":{"start":{"line":14,"column":6},"end":{"line":14,"column":48}},"type":"binary-expr","locations":[{"start":{"line":14,"column":6},"end":{"line":14,"column":12}},{"start":{"line":14,"column":16},"end":{"line":14,"column":48}}]},"5":{"loc":{"start":{"line":36,"column":9},"end":{"line":36,"column":55}},"type":"binary-expr","locations":[{"start":{"line":36,"column":9},"end":{"line":36,"column":30}},{"start":{"line":36,"column":34},"end":{"line":36,"column":55}}]},"6":{"loc":{"start":{"line":45,"column":39},"end":{"line":45,"column":55}},"type":"default-arg","locations":[{"start":{"line":45,"column":52},"end":{"line":45,"column":55}}]},"7":{"loc":{"start":{"line":65,"column":29},"end":{"line":65,"column":53}},"type":"default-arg","locations":[{"start":{"line":65,"column":39},"end":{"line":65,"column":53}}]},"8":{"loc":{"start":{"line":73,"column":26},"end":{"line":73,"column":47}},"type":"default-arg","locations":[{"start":{"line":73,"column":36},"end":{"line":73,"column":47}}]},"9":{"loc":{"start":{"line":81,"column":25},"end":{"line":81,"column":46}},"type":"default-arg","locations":[{"start":{"line":81,"column":35},"end":{"line":81,"column":46}}]},"10":{"loc":{"start":{"line":89,"column":28},"end":{"line":89,"column":61}},"type":"default-arg","locations":[{"start":{"line":89,"column":38},"end":{"line":89,"column":61}}]},"11":{"loc":{"start":{"line":103,"column":22},"end":{"line":103,"column":40}},"type":"binary-expr","locations":[{"start":{"line":103,"column":22},"end":{"line":103,"column":32}},{"start":{"line":103,"column":36},"end":{"line":103,"column":40}}]}},"s":{"0":4,"1":4,"2":4,"3":4,"4":4,"5":4,"6":4,"7":4,"8":4,"9":4,"10":4,"11":4,"12":4,"13":4,"14":4,"15":36,"16":36,"17":0,"18":36,"19":36,"20":0,"21":0,"22":21,"23":7,"24":15,"25":0,"26":0,"27":0,"28":0,"29":21,"30":21,"31":0,"32":0,"33":0,"34":0},"f":{"0":36,"1":36,"2":0,"3":0,"4":21,"5":7,"6":15,"7":0,"8":0,"9":0,"10":0,"11":21,"12":0},"b":{"0":[4,4],"1":[4,0],"2":[36,36],"3":[0,36],"4":[36,0],"5":[0,0],"6":[10],"7":[0],"8":[0],"9":[0],"10":[0],"11":[21,0]}}
}
