TN:
SF:handlers/api/create-daily-fax-task.ts
FN:17,(anonymous_0)
FNF:1
FNH:1
FNDA:2,(anonymous_0)
DA:9,3
DA:10,3
DA:12,3
DA:13,3
DA:14,1
DA:17,2
DA:18,2
DA:19,2
DA:20,2
DA:22,2
DA:46,2
DA:48,2
DA:56,2
LF:13
LH:13
BRDA:13,0,0,1
BRDA:13,0,1,2
BRF:2
BRH:2
end_of_record
TN:
SF:handlers/api/list-patients.ts
FN:13,mapPatient
FN:41,(anonymous_1)
FNF:2
FNH:1
FNDA:0,mapPatient
FNDA:4,(anonymous_1)
DA:9,1
DA:10,1
DA:11,1
DA:14,0
DA:41,1
DA:42,4
DA:43,4
DA:44,4
DA:46,4
DA:48,4
DA:49,2
DA:50,2
DA:52,1
DA:57,3
DA:58,0
DA:68,3
DA:80,3
DA:81,3
DA:85,3
DA:87,0
DA:88,0
LF:21
LH:17
BRDA:19,0,0,0
BRDA:19,0,1,0
BRDA:20,1,0,0
BRDA:20,1,1,0
BRDA:21,2,0,0
BRDA:21,2,1,0
BRDA:22,3,0,0
BRDA:22,3,1,0
BRDA:23,4,0,0
BRDA:23,4,1,0
BRDA:24,5,0,0
BRDA:24,5,1,0
BRDA:25,6,0,0
BRDA:25,6,1,0
BRDA:26,7,0,0
BRDA:26,7,1,0
BRDA:27,8,0,0
BRDA:27,8,1,0
BRDA:28,9,0,0
BRDA:28,9,1,0
BRDA:29,10,0,0
BRDA:29,10,1,0
BRDA:30,11,0,0
BRDA:30,11,1,0
BRDA:31,12,0,0
BRDA:31,12,1,0
BRDA:32,13,0,0
BRDA:32,13,1,0
BRDA:33,14,0,0
BRDA:33,14,1,0
BRDA:34,15,0,0
BRDA:34,15,1,0
BRDA:35,16,0,0
BRDA:35,16,1,0
BRDA:36,17,0,0
BRDA:36,17,1,0
BRDA:44,18,0,4
BRDA:44,18,1,0
BRDA:46,19,0,4
BRDA:46,19,1,2
BRDA:48,20,0,2
BRDA:48,20,1,2
BRDA:57,21,0,0
BRDA:57,21,1,3
BRDA:81,22,0,0
BRDA:81,22,1,3
BRF:46
BRH:7
end_of_record
TN:
SF:handlers/api/send-fax.ts
FN:26,(anonymous_0)
FN:83,(anonymous_1)
FNF:2
FNH:1
FNDA:14,(anonymous_0)
FNDA:0,(anonymous_1)
DA:19,2
DA:20,2
DA:21,2
DA:22,2
DA:23,2
DA:24,2
DA:26,2
DA:27,14
DA:28,14
DA:29,14
DA:30,14
DA:31,14
DA:33,14
DA:34,14
DA:35,14
DA:36,0
DA:40,14
DA:41,14
DA:42,11
DA:43,11
DA:44,1
DA:46,11
DA:47,1
DA:49,11
DA:50,1
DA:52,11
DA:56,2
DA:58,11
DA:63,2
DA:65,11
DA:66,0
DA:68,11
DA:69,7
DA:74,7
DA:75,7
DA:76,0
DA:80,0
DA:81,0
DA:82,0
DA:83,0
DA:84,0
DA:85,0
DA:88,0
DA:92,7
DA:93,7
DA:94,7
DA:98,7
DA:99,7
DA:100,7
DA:101,7
DA:108,7
DA:109,7
DA:110,7
DA:112,0
DA:113,0
DA:116,7
DA:118,7
DA:139,7
DA:141,7
DA:142,7
DA:154,7
DA:167,0
DA:168,0
LF:63
LH:49
BRDA:31,0,0,0
BRDA:31,0,1,14
BRDA:35,1,0,0
BRDA:35,1,1,14
BRDA:35,2,0,14
BRDA:35,2,1,14
BRDA:41,3,0,11
BRDA:41,3,1,3
BRDA:43,4,0,1
BRDA:43,4,1,10
BRDA:43,5,0,11
BRDA:43,5,1,10
BRDA:46,6,0,1
BRDA:46,6,1,10
BRDA:46,7,0,11
BRDA:46,7,1,10
BRDA:49,8,0,1
BRDA:49,8,1,10
BRDA:49,9,0,11
BRDA:49,9,1,10
BRDA:52,10,0,2
BRDA:52,10,1,9
BRDA:53,11,0,11
BRDA:53,11,1,11
BRDA:53,11,2,11
BRDA:53,11,3,10
BRDA:53,11,4,10
BRDA:58,12,0,2
BRDA:58,12,1,9
BRDA:59,13,0,11
BRDA:59,13,1,11
BRDA:59,13,2,11
BRDA:59,13,3,11
BRDA:59,13,4,11
BRDA:59,13,5,10
BRDA:65,14,0,0
BRDA:65,14,1,11
BRDA:65,15,0,11
BRDA:65,15,1,11
BRDA:68,16,0,7
BRDA:68,16,1,4
BRDA:75,17,0,0
BRDA:75,17,1,7
BRDA:82,18,0,0
BRDA:82,18,1,0
BRDA:84,19,0,0
BRDA:84,19,1,0
BRDA:99,20,0,7
BRDA:99,20,1,0
BRDA:105,21,0,7
BRDA:105,21,1,7
BRDA:108,22,0,7
BRDA:108,22,1,0
BRDA:116,23,0,7
BRDA:116,23,1,3
BRDA:123,24,0,7
BRDA:123,24,1,0
BRDA:126,25,0,7
BRDA:126,25,1,7
BRDA:128,26,0,4
BRDA:128,26,1,3
BRDA:129,27,0,7
BRDA:129,27,1,7
BRDA:130,28,0,7
BRDA:130,28,1,0
BRDA:149,29,0,7
BRDA:149,29,1,0
BRDA:156,30,0,7
BRDA:156,30,1,0
BRDA:159,31,0,7
BRDA:159,31,1,7
BRDA:162,32,0,7
BRDA:162,32,1,7
BRF:73
BRH:59
end_of_record
TN:
SF:handlers/auth/pre-sign-up.ts
FN:25,handler
FNF:1
FNH:1
FNDA:6,handler
DA:8,1
DA:25,1
DA:26,6
DA:28,6
DA:29,1
DA:32,5
DA:34,5
DA:35,2
DA:39,3
DA:40,1
DA:43,3
LF:11
LH:11
BRDA:28,0,0,1
BRDA:28,0,1,5
BRDA:34,1,0,2
BRDA:34,1,1,3
BRDA:34,2,0,5
BRDA:34,2,1,5
BRDA:39,3,0,1
BRDA:39,3,1,2
BRF:8
BRH:8
end_of_record
TN:
SF:handlers/transcription/get-transcription-result.ts
FN:18,(anonymous_0)
FNF:1
FNH:1
FNDA:4,(anonymous_0)
DA:11,1
DA:12,1
DA:13,1
DA:14,1
DA:16,1
DA:18,1
DA:19,4
DA:20,4
DA:22,4
DA:23,4
DA:24,2
DA:27,2
DA:30,2
DA:31,2
DA:32,0
DA:33,0
DA:38,0
DA:39,0
DA:40,0
DA:45,0
DA:50,2
DA:55,0
DA:56,0
LF:23
LH:15
BRDA:23,0,0,2
BRDA:23,0,1,2
BRDA:23,1,0,4
BRDA:23,1,1,3
BRDA:31,2,0,0
BRDA:31,2,1,2
BRDA:31,3,0,2
BRDA:31,3,1,1
BRDA:34,4,0,0
BRDA:34,4,1,0
BRDA:38,5,0,0
BRDA:38,5,1,0
BRF:12
BRH:7
end_of_record
TN:
SF:handlers/transcription/get-upload-url.ts
FN:29,(anonymous_0)
FNF:1
FNH:1
FNDA:7,(anonymous_0)
DA:11,1
DA:12,1
DA:13,1
DA:14,1
DA:15,1
DA:17,1
DA:18,1
DA:20,1
DA:22,1
DA:29,1
DA:30,7
DA:31,7
DA:33,7
DA:34,7
DA:35,2
DA:38,5
DA:39,5
DA:41,5
DA:47,5
DA:49,5
DA:51,0
DA:52,0
LF:22
LH:20
BRDA:34,0,0,2
BRDA:34,0,1,5
BRDA:34,1,0,7
BRDA:34,1,1,6
BRF:4
BRH:4
end_of_record
TN:
SF:handlers/transcription/start-medical-transcription.ts
FN:33,(anonymous_0)
FNF:1
FNH:1
FNDA:7,(anonymous_0)
DA:13,1
DA:14,1
DA:15,1
DA:16,1
DA:17,1
DA:23,1
DA:25,1
DA:33,1
DA:34,7
DA:35,7
DA:36,7
DA:37,7
DA:39,7
DA:40,7
DA:41,7
DA:43,7
DA:44,0
DA:48,7
DA:49,2
DA:52,5
DA:53,1
DA:57,4
DA:58,4
DA:61,4
DA:62,4
DA:64,4
DA:66,4
DA:77,4
DA:85,4
DA:87,0
DA:88,0
LF:31
LH:28
BRDA:37,0,0,0
BRDA:37,0,1,7
BRDA:43,1,0,0
BRDA:43,1,1,7
BRDA:43,2,0,7
BRDA:43,2,1,7
BRDA:48,3,0,2
BRDA:48,3,1,5
BRDA:52,4,0,1
BRDA:52,4,1,4
BRDA:61,5,0,4
BRDA:61,5,1,0
BRDA:62,6,0,4
BRDA:62,6,1,0
BRDA:71,7,0,2
BRDA:71,7,1,2
BRDA:82,8,0,4
BRDA:82,8,1,1
BRF:18
BRH:14
end_of_record
TN:
SF:shared/response.ts
FN:12,corsOrigin
FN:20,headersForOrigin
FN:35,getOrigin
FN:41,setRequestOrigin
FN:45,success
FN:53,created
FN:57,badRequest
FN:65,unauthorized
FN:73,forbidden
FN:81,notFound
FN:89,serverError
FN:101,parseBody
FN:112,safeJsonParse
FNF:13
FNH:6
FNDA:36,corsOrigin
FNDA:36,headersForOrigin
FNDA:0,getOrigin
FNDA:0,setRequestOrigin
FNDA:21,success
FNDA:7,created
FNDA:15,badRequest
FNDA:0,unauthorized
FNDA:0,forbidden
FNDA:0,notFound
FNDA:0,serverError
FNDA:21,parseBody
FNDA:0,safeJsonParse
DA:3,4
DA:7,4
DA:9,4
DA:10,4
DA:13,36
DA:14,36
DA:15,0
DA:17,36
DA:21,36
DA:35,4
DA:36,0
DA:41,4
DA:42,0
DA:45,4
DA:46,21
DA:53,4
DA:54,7
DA:57,4
DA:58,15
DA:65,4
DA:66,0
DA:73,4
DA:74,0
DA:81,4
DA:82,0
DA:89,4
DA:90,0
DA:101,4
DA:102,21
DA:103,21
DA:105,0
DA:112,4
DA:113,0
DA:114,0
DA:116,0
LF:35
LH:24
BRDA:9,0,0,4
BRDA:9,0,1,4
BRDA:10,1,0,4
BRDA:10,1,1,0
BRDA:13,2,0,36
BRDA:13,2,1,36
BRDA:14,3,0,0
BRDA:14,3,1,36
BRDA:14,4,0,36
BRDA:14,4,1,0
BRDA:36,5,0,0
BRDA:36,5,1,0
BRDA:45,6,0,10
BRDA:65,7,0,0
BRDA:73,8,0,0
BRDA:81,9,0,0
BRDA:89,10,0,0
BRDA:103,11,0,21
BRDA:103,11,1,0
BRF:19
BRH:9
end_of_record
